Generating documentation using Sphinx...
make[1]: Entering directory '/home/figaro/Programms/Github_Projects/NikolasProjects/CTFSolverScript/docs/sphinx'
Running Sphinx v8.2.3
loading translations [en]... done
[autosummary] generating autosummary for: actions/installation_manual.md, actions/makefile.md, index.md, introduction.rst, modules/architecture.md, modules/changelog.md, modules/contributing.md, modules/installation.md, modules/module_notes.md, modules/usage.md
loading intersphinx inventory 'python' from https://docs.python.org/3/objects.inv ...
myst v4.0.1: MdParserConfig(commonmark_only=False, gfm_only=False, enable_extensions={'fieldlist', 'colon_fence', 'substitution', 'deflist'}, disable_syntax=[], all_links_external=False, links_external_new_tab=False, url_schemes=('http', 'https', 'mailto', 'ftp'), ref_domains=None, fence_as_directive=set(), number_code_blocks=[], title_to_header=False, heading_anchors=0, heading_slug_func=None, html_meta={}, footnote_sort=True, footnote_transition=True, words_per_minute=200, substitutions={}, linkify_fuzzy_links=True, dmath_allow_labels=True, dmath_allow_space=True, dmath_allow_digits=True, dmath_double_inline=False, update_mathjax=True, mathjax_classes='tex2jax_process|mathjax_process|math|output_area', enable_checkboxes=False, suppress_warnings=[], highlight_code_blocks=True)
[AutoAPI] Ignoring directory: /home/figaro/Programms/Github_Projects/NikolasProjects/CTFSolverScript/app/ctfsolver/test/__pycache__/
[AutoAPI] Ignoring file: /home/figaro/Programms/Github_Projects/NikolasProjects/CTFSolverScript/app/ctfsolver/test/__init__.py
[AutoAPI] Reading files... [  3%] /home/figaro/Programms/Github_Projects/NikolasProjects/CTFSolverScript/app/ctfsolver/__init__.py
[AutoAPI] Reading files... [  5%] /home/figaro/Programms/Github_Projects/NikolasProjects/CTFSolverScript/app/ctfsolver/template/__main__.py
[AutoAPI] Reading files... [  8%] /home/figaro/Programms/Github_Projects/NikolasProjects/CTFSolverScript/app/ctfsolver/template/__init__.py
[AutoAPI] Reading files... [ 10%] /home/figaro/Programms/Github_Projects/NikolasProjects/CTFSolverScript/app/ctfsolver/template/solution_template.py
[AutoAPI] Reading files... [ 13%] /home/figaro/Programms/Github_Projects/NikolasProjects/CTFSolverScript/app/ctfsolver/forensics/__init__.py
[AutoAPI] Reading files... [ 15%] /home/figaro/Programms/Github_Projects/NikolasProjects/CTFSolverScript/app/ctfsolver/forensics/manager_dash.py
[AutoAPI] Reading files... [ 18%] /home/figaro/Programms/Github_Projects/NikolasProjects/CTFSolverScript/app/ctfsolver/scripts/run_folders.py
[AutoAPI] Reading files... [ 21%] /home/figaro/Programms/Github_Projects/NikolasProjects/CTFSolverScript/app/ctfsolver/scripts/__main__.py
[AutoAPI] Reading files... [ 23%] /home/figaro/Programms/Github_Projects/NikolasProjects/CTFSolverScript/app/ctfsolver/scripts/run_clean_folders.py
[AutoAPI] Reading files... [ 26%] /home/figaro/Programms/Github_Projects/NikolasProjects/CTFSolverScript/app/ctfsolver/scripts/__init__.py
[AutoAPI] Reading files... [ 28%] /home/figaro/Programms/Github_Projects/NikolasProjects/CTFSolverScript/app/ctfsolver/scripts/run_solution.py
[AutoAPI] Reading files... [ 31%] /home/figaro/Programms/Github_Projects/NikolasProjects/CTFSolverScript/app/ctfsolver/scripts/clean_folders/__main__.py
[AutoAPI] Reading files... [ 33%] /home/figaro/Programms/Github_Projects/NikolasProjects/CTFSolverScript/app/ctfsolver/scripts/clean_folders/__init__.py
[AutoAPI] Reading files... [ 36%] /home/figaro/Programms/Github_Projects/NikolasProjects/CTFSolverScript/app/ctfsolver/managers/manager_crypto.py
[AutoAPI] Reading files... [ 38%] /home/figaro/Programms/Github_Projects/NikolasProjects/CTFSolverScript/app/ctfsolver/managers/manager_file.py
[AutoAPI] Reading files... [ 41%] /home/figaro/Programms/Github_Projects/NikolasProjects/CTFSolverScript/app/ctfsolver/managers/manager_files_re.py
[AutoAPI] Reading files... [ 44%] /home/figaro/Programms/Github_Projects/NikolasProjects/CTFSolverScript/app/ctfsolver/managers/__init__.py
[AutoAPI] Reading files... [ 46%] /home/figaro/Programms/Github_Projects/NikolasProjects/CTFSolverScript/app/ctfsolver/managers/manager_files_pcap.py
[AutoAPI] Reading files... [ 49%] /home/figaro/Programms/Github_Projects/NikolasProjects/CTFSolverScript/app/ctfsolver/managers/manager_connections.py
[AutoAPI] Reading files... [ 51%] /home/figaro/Programms/Github_Projects/NikolasProjects/CTFSolverScript/app/ctfsolver/managers/manager_files_evtx.py
[AutoAPI] Reading files... [ 54%] /home/figaro/Programms/Github_Projects/NikolasProjects/CTFSolverScript/app/ctfsolver/managers/manager_folder.py
[AutoAPI] Reading files... [ 56%] /home/figaro/Programms/Github_Projects/NikolasProjects/CTFSolverScript/app/ctfsolver/inline/inline_tool.py
[AutoAPI] Reading files... [ 59%] /home/figaro/Programms/Github_Projects/NikolasProjects/CTFSolverScript/app/ctfsolver/inline/__main__.py
[AutoAPI] Reading files... [ 62%] /home/figaro/Programms/Github_Projects/NikolasProjects/CTFSolverScript/app/ctfsolver/inline/__init__.py
[AutoAPI] Reading files... [ 64%] /home/figaro/Programms/Github_Projects/NikolasProjects/CTFSolverScript/app/ctfsolver/inline/parser.py
[AutoAPI] Reading files... [ 67%] /home/figaro/Programms/Github_Projects/NikolasProjects/CTFSolverScript/app/ctfsolver/folders/__main__.py
[AutoAPI] Reading files... [ 69%] /home/figaro/Programms/Github_Projects/NikolasProjects/CTFSolverScript/app/ctfsolver/folders/__init__.py
[AutoAPI] Reading files... [ 72%] /home/figaro/Programms/Github_Projects/NikolasProjects/CTFSolverScript/app/ctfsolver/src/ctfsolver.py
[AutoAPI] Reading files... [ 74%] /home/figaro/Programms/Github_Projects/NikolasProjects/CTFSolverScript/app/ctfsolver/src/__init__.py
[AutoAPI] Reading files... [ 77%] /home/figaro/Programms/Github_Projects/NikolasProjects/CTFSolverScript/app/ctfsolver/src/position_cipher_functions.py
[AutoAPI] Reading files... [ 79%] /home/figaro/Programms/Github_Projects/NikolasProjects/CTFSolverScript/app/ctfsolver/src/data/__init__.py
[AutoAPI] Reading files... [ 82%] /home/figaro/Programms/Github_Projects/NikolasProjects/CTFSolverScript/app/ctfsolver/src/data/data.py
[AutoAPI] Reading files... [ 85%] /home/figaro/Programms/Github_Projects/NikolasProjects/CTFSolverScript/app/ctfsolver/error/__init__.py
[AutoAPI] Reading files... [ 87%] /home/figaro/Programms/Github_Projects/NikolasProjects/CTFSolverScript/app/ctfsolver/error/manager_error.py
[AutoAPI] Reading files... [ 90%] /home/figaro/Programms/Github_Projects/NikolasProjects/CTFSolverScript/app/ctfsolver/find_usage/__main__.py
[AutoAPI] Reading files... [ 92%] /home/figaro/Programms/Github_Projects/NikolasProjects/CTFSolverScript/app/ctfsolver/find_usage/__init__.py
[AutoAPI] Reading files... [ 95%] /home/figaro/Programms/Github_Projects/NikolasProjects/CTFSolverScript/app/ctfsolver/config/__main__.py
[AutoAPI] Reading files... [ 97%] /home/figaro/Programms/Github_Projects/NikolasProjects/CTFSolverScript/app/ctfsolver/config/__init__.py
[AutoAPI] Reading files... [100%] /home/figaro/Programms/Github_Projects/NikolasProjects/CTFSolverScript/app/ctfsolver/config/global_config.py

[AutoAPI] Mapping Data... [  3%] /home/figaro/Programms/Github_Projects/NikolasProjects/CTFSolverScript/app/ctfsolver/__init__.py
[AutoAPI] Mapping Data... [  5%] /home/figaro/Programms/Github_Projects/NikolasProjects/CTFSolverScript/app/ctfsolver/template/__main__.py
[AutoAPI] Mapping Data... [  8%] /home/figaro/Programms/Github_Projects/NikolasProjects/CTFSolverScript/app/ctfsolver/template/__init__.py
[AutoAPI] Mapping Data... [ 10%] /home/figaro/Programms/Github_Projects/NikolasProjects/CTFSolverScript/app/ctfsolver/template/solution_template.py
[AutoAPI] Mapping Data... [ 13%] /home/figaro/Programms/Github_Projects/NikolasProjects/CTFSolverScript/app/ctfsolver/forensics/__init__.py
[AutoAPI] Mapping Data... [ 15%] /home/figaro/Programms/Github_Projects/NikolasProjects/CTFSolverScript/app/ctfsolver/forensics/manager_dash.py
[AutoAPI] Mapping Data... [ 18%] /home/figaro/Programms/Github_Projects/NikolasProjects/CTFSolverScript/app/ctfsolver/scripts/run_folders.py
[AutoAPI] Mapping Data... [ 21%] /home/figaro/Programms/Github_Projects/NikolasProjects/CTFSolverScript/app/ctfsolver/scripts/__main__.py
[AutoAPI] Mapping Data... [ 23%] /home/figaro/Programms/Github_Projects/NikolasProjects/CTFSolverScript/app/ctfsolver/scripts/run_clean_folders.py
[AutoAPI] Mapping Data... [ 26%] /home/figaro/Programms/Github_Projects/NikolasProjects/CTFSolverScript/app/ctfsolver/scripts/__init__.py
[AutoAPI] Mapping Data... [ 28%] /home/figaro/Programms/Github_Projects/NikolasProjects/CTFSolverScript/app/ctfsolver/scripts/run_solution.py
[AutoAPI] Mapping Data... [ 31%] /home/figaro/Programms/Github_Projects/NikolasProjects/CTFSolverScript/app/ctfsolver/scripts/clean_folders/__main__.py
[AutoAPI] Mapping Data... [ 33%] /home/figaro/Programms/Github_Projects/NikolasProjects/CTFSolverScript/app/ctfsolver/scripts/clean_folders/__init__.py
[AutoAPI] Mapping Data... [ 36%] /home/figaro/Programms/Github_Projects/NikolasProjects/CTFSolverScript/app/ctfsolver/managers/manager_crypto.py
[AutoAPI] Mapping Data... [ 38%] /home/figaro/Programms/Github_Projects/NikolasProjects/CTFSolverScript/app/ctfsolver/managers/manager_file.py
[AutoAPI] Mapping Data... [ 41%] /home/figaro/Programms/Github_Projects/NikolasProjects/CTFSolverScript/app/ctfsolver/managers/manager_files_re.py
[AutoAPI] Mapping Data... [ 44%] /home/figaro/Programms/Github_Projects/NikolasProjects/CTFSolverScript/app/ctfsolver/managers/__init__.py
[AutoAPI] Mapping Data... [ 46%] /home/figaro/Programms/Github_Projects/NikolasProjects/CTFSolverScript/app/ctfsolver/managers/manager_files_pcap.py
[AutoAPI] Mapping Data... [ 49%] /home/figaro/Programms/Github_Projects/NikolasProjects/CTFSolverScript/app/ctfsolver/managers/manager_connections.py
[AutoAPI] Mapping Data... [ 51%] /home/figaro/Programms/Github_Projects/NikolasProjects/CTFSolverScript/app/ctfsolver/managers/manager_files_evtx.py
[AutoAPI] Mapping Data... [ 54%] /home/figaro/Programms/Github_Projects/NikolasProjects/CTFSolverScript/app/ctfsolver/managers/manager_folder.py
[AutoAPI] Mapping Data... [ 56%] /home/figaro/Programms/Github_Projects/NikolasProjects/CTFSolverScript/app/ctfsolver/inline/inline_tool.py
[AutoAPI] Mapping Data... [ 59%] /home/figaro/Programms/Github_Projects/NikolasProjects/CTFSolverScript/app/ctfsolver/inline/__main__.py
[AutoAPI] Mapping Data... [ 62%] /home/figaro/Programms/Github_Projects/NikolasProjects/CTFSolverScript/app/ctfsolver/inline/__init__.py
[AutoAPI] Mapping Data... [ 64%] /home/figaro/Programms/Github_Projects/NikolasProjects/CTFSolverScript/app/ctfsolver/inline/parser.py
[AutoAPI] Mapping Data... [ 67%] /home/figaro/Programms/Github_Projects/NikolasProjects/CTFSolverScript/app/ctfsolver/folders/__main__.py
[AutoAPI] Mapping Data... [ 69%] /home/figaro/Programms/Github_Projects/NikolasProjects/CTFSolverScript/app/ctfsolver/folders/__init__.py
[AutoAPI] Mapping Data... [ 72%] /home/figaro/Programms/Github_Projects/NikolasProjects/CTFSolverScript/app/ctfsolver/src/ctfsolver.py
[AutoAPI] Mapping Data... [ 74%] /home/figaro/Programms/Github_Projects/NikolasProjects/CTFSolverScript/app/ctfsolver/src/__init__.py
[AutoAPI] Mapping Data... [ 77%] /home/figaro/Programms/Github_Projects/NikolasProjects/CTFSolverScript/app/ctfsolver/src/position_cipher_functions.py
[AutoAPI] Mapping Data... [ 79%] /home/figaro/Programms/Github_Projects/NikolasProjects/CTFSolverScript/app/ctfsolver/src/data/__init__.py
[AutoAPI] Mapping Data... [ 82%] /home/figaro/Programms/Github_Projects/NikolasProjects/CTFSolverScript/app/ctfsolver/src/data/data.py
[AutoAPI] Mapping Data... [ 85%] /home/figaro/Programms/Github_Projects/NikolasProjects/CTFSolverScript/app/ctfsolver/error/__init__.py
[AutoAPI] Mapping Data... [ 87%] /home/figaro/Programms/Github_Projects/NikolasProjects/CTFSolverScript/app/ctfsolver/error/manager_error.py
[AutoAPI] Mapping Data... [ 90%] /home/figaro/Programms/Github_Projects/NikolasProjects/CTFSolverScript/app/ctfsolver/find_usage/__main__.py
[AutoAPI] Mapping Data... [ 92%] /home/figaro/Programms/Github_Projects/NikolasProjects/CTFSolverScript/app/ctfsolver/find_usage/__init__.py
[AutoAPI] Mapping Data... [ 95%] /home/figaro/Programms/Github_Projects/NikolasProjects/CTFSolverScript/app/ctfsolver/config/__main__.py
[AutoAPI] Mapping Data... [ 97%] /home/figaro/Programms/Github_Projects/NikolasProjects/CTFSolverScript/app/ctfsolver/config/__init__.py
[AutoAPI] Mapping Data... [100%] /home/figaro/Programms/Github_Projects/NikolasProjects/CTFSolverScript/app/ctfsolver/config/global_config.py

[AutoAPI] Rendering Data... [  3%] ctfsolver
[AutoAPI] Rendering Data... [  5%] ctfsolver.src
[AutoAPI] Rendering Data... [  8%] ctfsolver.error
[AutoAPI] Rendering Data... [ 10%] ctfsolver.inline
[AutoAPI] Rendering Data... [ 13%] ctfsolver.config
[AutoAPI] Rendering Data... [ 15%] ctfsolver.scripts
[AutoAPI] Rendering Data... [ 18%] ctfsolver.folders
[AutoAPI] Rendering Data... [ 21%] ctfsolver.template
[AutoAPI] Rendering Data... [ 23%] ctfsolver.managers
[AutoAPI] Rendering Data... [ 26%] ctfsolver.src.data
[AutoAPI] Rendering Data... [ 28%] ctfsolver.forensics
[AutoAPI] Rendering Data... [ 31%] ctfsolver.find_usage
[AutoAPI] Rendering Data... [ 33%] ctfsolver.inline.parser
[AutoAPI] Rendering Data... [ 36%] ctfsolver.src.ctfsolver
[AutoAPI] Rendering Data... [ 38%] ctfsolver.src.data.data
[AutoAPI] Rendering Data... [ 41%] ctfsolver.inline.__main__
[AutoAPI] Rendering Data... [ 44%] ctfsolver.config.__main__
[AutoAPI] Rendering Data... [ 46%] ctfsolver.scripts.__main__
[AutoAPI] Rendering Data... [ 49%] ctfsolver.folders.__main__
[AutoAPI] Rendering Data... [ 51%] ctfsolver.template.__main__
[AutoAPI] Rendering Data... [ 54%] ctfsolver.inline.inline_tool
[AutoAPI] Rendering Data... [ 56%] ctfsolver.scripts.run_folders
[AutoAPI] Rendering Data... [ 59%] ctfsolver.error.manager_error
[AutoAPI] Rendering Data... [ 62%] ctfsolver.find_usage.__main__
[AutoAPI] Rendering Data... [ 64%] ctfsolver.scripts.run_solution
[AutoAPI] Rendering Data... [ 67%] ctfsolver.config.global_config
[AutoAPI] Rendering Data... [ 69%] ctfsolver.scripts.clean_folders
[AutoAPI] Rendering Data... [ 72%] ctfsolver.managers.manager_file
[AutoAPI] Rendering Data... [ 74%] ctfsolver.forensics.manager_dash
[AutoAPI] Rendering Data... [ 77%] ctfsolver.managers.manager_crypto
[AutoAPI] Rendering Data... [ 79%] ctfsolver.managers.manager_folder
[AutoAPI] Rendering Data... [ 82%] ctfsolver.scripts.run_clean_folders
[AutoAPI] Rendering Data... [ 85%] ctfsolver.managers.manager_files_re
[AutoAPI] Rendering Data... [ 87%] ctfsolver.template.solution_template
[AutoAPI] Rendering Data... [ 90%] ctfsolver.managers.manager_files_pcap
[AutoAPI] Rendering Data... [ 92%] ctfsolver.managers.manager_files_evtx
[AutoAPI] Rendering Data... [ 95%] ctfsolver.managers.manager_connections
[AutoAPI] Rendering Data... [ 97%] ctfsolver.src.position_cipher_functions
[AutoAPI] Rendering Data... [100%] ctfsolver.scripts.clean_folders.__main__

building [mo]: targets for 0 po files that are out of date
writing output... 
building [html]: targets for 10 source files that are out of date
updating environment: [new config] 50 added, 0 changed, 0 removed
reading sources... [  2%] actions/installation_manual
reading sources... [  4%] actions/makefile
reading sources... [  6%] api/ctfsolver/config/__main__/index
reading sources... [  8%] api/ctfsolver/config/global_config/index
reading sources... [ 10%] api/ctfsolver/config/index
reading sources... [ 12%] api/ctfsolver/error/index
reading sources... [ 14%] api/ctfsolver/error/manager_error/index
reading sources... [ 16%] api/ctfsolver/find_usage/__main__/index
reading sources... [ 18%] api/ctfsolver/find_usage/index
reading sources... [ 20%] api/ctfsolver/folders/__main__/index
reading sources... [ 22%] api/ctfsolver/folders/index
reading sources... [ 24%] api/ctfsolver/forensics/index
reading sources... [ 26%] api/ctfsolver/forensics/manager_dash/index
reading sources... [ 28%] api/ctfsolver/index
reading sources... [ 30%] api/ctfsolver/inline/__main__/index
reading sources... [ 32%] api/ctfsolver/inline/index
reading sources... [ 34%] api/ctfsolver/inline/inline_tool/index
reading sources... [ 36%] api/ctfsolver/inline/parser/index
reading sources... [ 38%] api/ctfsolver/managers/index
reading sources... [ 40%] api/ctfsolver/managers/manager_connections/index
reading sources... [ 42%] api/ctfsolver/managers/manager_crypto/index
reading sources... [ 44%] api/ctfsolver/managers/manager_file/index
reading sources... [ 46%] api/ctfsolver/managers/manager_files_evtx/index
reading sources... [ 48%] api/ctfsolver/managers/manager_files_pcap/index
reading sources... [ 50%] api/ctfsolver/managers/manager_files_re/index
reading sources... [ 52%] api/ctfsolver/managers/manager_folder/index
reading sources... [ 54%] api/ctfsolver/scripts/__main__/index
reading sources... [ 56%] api/ctfsolver/scripts/clean_folders/__main__/index
reading sources... [ 58%] api/ctfsolver/scripts/clean_folders/index
reading sources... [ 60%] api/ctfsolver/scripts/index
reading sources... [ 62%] api/ctfsolver/scripts/run_clean_folders/index
reading sources... [ 64%] api/ctfsolver/scripts/run_folders/index
reading sources... [ 66%] api/ctfsolver/scripts/run_solution/index
reading sources... [ 68%] api/ctfsolver/src/ctfsolver/index
reading sources... [ 70%] api/ctfsolver/src/data/data/index
reading sources... [ 72%] api/ctfsolver/src/data/index
reading sources... [ 74%] api/ctfsolver/src/index
reading sources... [ 76%] api/ctfsolver/src/position_cipher_functions/index
reading sources... [ 78%] api/ctfsolver/template/__main__/index
reading sources... [ 80%] api/ctfsolver/template/index
reading sources... [ 82%] api/ctfsolver/template/solution_template/index
reading sources... [ 84%] api/index
reading sources... [ 86%] index
reading sources... [ 88%] introduction
reading sources... [ 90%] modules/architecture
reading sources... [ 92%] modules/changelog
reading sources... [ 94%] modules/contributing
reading sources... [ 96%] modules/installation
reading sources... [ 98%] modules/module_notes
reading sources... [100%] modules/usage

looking for now-outdated files... none found
pickling environment... done
checking consistency... done
preparing documents... done
copying assets... 
copying static files... 
Writing evaluated template result to /home/figaro/Programms/Github_Projects/NikolasProjects/CTFSolverScript/docs/sphinx/build/html/_static/documentation_options.js
Writing evaluated template result to /home/figaro/Programms/Github_Projects/NikolasProjects/CTFSolverScript/docs/sphinx/build/html/_static/language_data.js
Writing evaluated template result to /home/figaro/Programms/Github_Projects/NikolasProjects/CTFSolverScript/docs/sphinx/build/html/_static/basic.css
Writing evaluated template result to /home/figaro/Programms/Github_Projects/NikolasProjects/CTFSolverScript/docs/sphinx/build/html/_static/copybutton.js
copying static files: done
copying extra files... 
copying extra files: done
copying assets: done
writing output... [  2%] actions/installation_manual
writing output... [  4%] actions/makefile
writing output... [  6%] api/ctfsolver/config/__main__/index
writing output... [  8%] api/ctfsolver/config/global_config/index
writing output... [ 10%] api/ctfsolver/config/index
writing output... [ 12%] api/ctfsolver/error/index
writing output... [ 14%] api/ctfsolver/error/manager_error/index
writing output... [ 16%] api/ctfsolver/find_usage/__main__/index
writing output... [ 18%] api/ctfsolver/find_usage/index
writing output... [ 20%] api/ctfsolver/folders/__main__/index
writing output... [ 22%] api/ctfsolver/folders/index
writing output... [ 24%] api/ctfsolver/forensics/index
writing output... [ 26%] api/ctfsolver/forensics/manager_dash/index
writing output... [ 28%] api/ctfsolver/index
writing output... [ 30%] api/ctfsolver/inline/__main__/index
writing output... [ 32%] api/ctfsolver/inline/index
writing output... [ 34%] api/ctfsolver/inline/inline_tool/index
writing output... [ 36%] api/ctfsolver/inline/parser/index
writing output... [ 38%] api/ctfsolver/managers/index
writing output... [ 40%] api/ctfsolver/managers/manager_connections/index
writing output... [ 42%] api/ctfsolver/managers/manager_crypto/index
writing output... [ 44%] api/ctfsolver/managers/manager_file/index
writing output... [ 46%] api/ctfsolver/managers/manager_files_evtx/index
writing output... [ 48%] api/ctfsolver/managers/manager_files_pcap/index
writing output... [ 50%] api/ctfsolver/managers/manager_files_re/index
writing output... [ 52%] api/ctfsolver/managers/manager_folder/index
writing output... [ 54%] api/ctfsolver/scripts/__main__/index
writing output... [ 56%] api/ctfsolver/scripts/clean_folders/__main__/index
writing output... [ 58%] api/ctfsolver/scripts/clean_folders/index
writing output... [ 60%] api/ctfsolver/scripts/index
writing output... [ 62%] api/ctfsolver/scripts/run_clean_folders/index
writing output... [ 64%] api/ctfsolver/scripts/run_folders/index
writing output... [ 66%] api/ctfsolver/scripts/run_solution/index
writing output... [ 68%] api/ctfsolver/src/ctfsolver/index
writing output... [ 70%] api/ctfsolver/src/data/data/index
writing output... [ 72%] api/ctfsolver/src/data/index
writing output... [ 74%] api/ctfsolver/src/index
writing output... [ 76%] api/ctfsolver/src/position_cipher_functions/index
writing output... [ 78%] api/ctfsolver/template/__main__/index
writing output... [ 80%] api/ctfsolver/template/index
writing output... [ 82%] api/ctfsolver/template/solution_template/index
writing output... [ 84%] api/index
writing output... [ 86%] index
writing output... [ 88%] introduction
writing output... [ 90%] modules/architecture
writing output... [ 92%] modules/changelog
writing output... [ 94%] modules/contributing
writing output... [ 96%] modules/installation
writing output... [ 98%] modules/module_notes
writing output... [100%] modules/usage

generating indices... genindex py-modindex done
highlighting module code... [  4%] ctfsolver.config.global_config
highlighting module code... [  8%] ctfsolver.error.manager_error
highlighting module code... [ 12%] ctfsolver.find_usage.__main__
highlighting module code... [ 15%] ctfsolver.folders.__main__
highlighting module code... [ 19%] ctfsolver.forensics.manager_dash
highlighting module code... [ 23%] ctfsolver.inline.__main__
highlighting module code... [ 27%] ctfsolver.inline.inline_tool
highlighting module code... [ 31%] ctfsolver.inline.parser
highlighting module code... [ 35%] ctfsolver.managers
highlighting module code... [ 38%] ctfsolver.managers.manager_connections
highlighting module code... [ 42%] ctfsolver.managers.manager_crypto
highlighting module code... [ 46%] ctfsolver.managers.manager_file
highlighting module code... [ 50%] ctfsolver.managers.manager_files_evtx
highlighting module code... [ 54%] ctfsolver.managers.manager_files_pcap
highlighting module code... [ 58%] ctfsolver.managers.manager_files_re
highlighting module code... [ 62%] ctfsolver.managers.manager_folder
highlighting module code... [ 65%] ctfsolver.scripts.__main__
highlighting module code... [ 69%] ctfsolver.scripts.clean_folders.__main__
highlighting module code... [ 73%] ctfsolver.scripts.run_clean_folders
highlighting module code... [ 77%] ctfsolver.scripts.run_folders
highlighting module code... [ 81%] ctfsolver.scripts.run_solution
highlighting module code... [ 85%] ctfsolver.src.ctfsolver
highlighting module code... [ 88%] ctfsolver.src.data.data
highlighting module code... [ 92%] ctfsolver.src.position_cipher_functions
highlighting module code... [ 96%] ctfsolver.template.__main__
highlighting module code... [100%] ctfsolver.template.solution_template
make[1]: Leaving directory '/home/figaro/Programms/Github_Projects/NikolasProjects/CTFSolverScript/docs/sphinx'
